#
# A fatal error has been detected by the Java Runtime Environment:
#
#  SIGSEGV (0xb) at pc=0x00007fdc0b62ba6b, pid=31575, tid=140582875645696
#
# JRE version: Java(TM) SE Runtime Environment (7.0_79-b15) (build 1.7.0_79-b15)
# Java VM: Java HotSpot(TM) 64-Bit Server VM (24.79-b02 mixed mode linux-amd64 compressed oops)
# Problematic frame:
# V  [libjvm.so+0x558a6b]  STWGCTimer::register_gc_start(Ticks const&)+0xb
#
# Failed to write core dump. Core dumps have been disabled. To enable core dumping, try "ulimit -c unlimited" before starting Java again
#
# If you would like to submit a bug report, please visit:
#   http://bugreport.java.com/bugreport/crash.jsp
#

---------------  T H R E A D  ---------------

Current thread (0x00007fdc0406c000):  VMThread [stack: 0x00007fdc004d4000,0x00007fdc005d5000] [id=31587]

siginfo:si_signo=SIGSEGV: si_errno=0, si_code=1 (SEGV_MAPERR), si_addr=0x0000000000000000

Registers:
RAX=0x0000000000000000, RBX=0x00007fdc0401a750, RCX=0x0000000000000018, RDX=0x00007fdc005d38c0
RSP=0x00007fdc005d3510, RBP=0x00007fdc005d3510, RSI=0x00007fdc005d38c0, RDI=0x00007fdc0bf22580
R8 =0x000000000000000a, R9 =0x0000000000000001, R10=0x0000000000000000, R11=0x00007fdc0c0c9130
R12=0x00007fdc0401eef0, R13=0x000000000000000a, R14=0x00007fdc0bf36c18, R15=0x000000000000000a
RIP=0x00007fdc0b62ba6b, EFLAGS=0x0000000000010202, CSGSFS=0x0000000000000033, ERR=0x0000000000000006
  TRAPNO=0x000000000000000e

Top of Stack: (sp=0x00007fdc005d3510)
0x00007fdc005d3510:   00007fdc005d3950 00007fdc0b95d268
0x00007fdc005d3520:   00007fdc005d35a0 00007fdc0b62d04a
0x00007fdc005d3530:   0000000000000000 0000000000000000
0x00007fdc005d3540:   00007fdc005d35a0 00007fdc0b62cbaa
0x00007fdc005d3550:   00007fdc005d35c0 00007fdc0b62d18a
0x00007fdc005d3560:   0000000000000000 0000000000000000
0x00007fdc005d3570:   0000000000000000 00007fdc0b62c244
0x00007fdc005d3580:   00007fdc0bec9c90 000000000000000a
0x00007fdc005d3590:   00007fdc0bf222e0 00007fdc0bf222e0
0x00007fdc005d35a0:   00007fdc005d35c0 00007fdc0b62c783
0x00007fdc005d35b0:   0000000000021d03 00007fdc0bf222e0
0x00007fdc005d35c0:   00007fdc005d35e0 00007fdc0b62c332
0x00007fdc005d35d0:   00007fdc0401fd20 00007fdc0401fd20
0x00007fdc005d35e0:   00007fdc005d3950 00007fdc0b9589ae
0x00007fdc005d35f0:   0000000028000000 000000000fb00000
0x00007fdc005d3600:   00007fdc00000001 00007fdc00000013
0x00007fdc005d3610:   00007fdc0401d280 00000000000003d8
0x00007fdc005d3620:   000000000048565a 00007fdc005d3850
0x00007fdc005d3630:   0000000000000000 00007fdc0119f190
0x00007fdc005d3640:   00007fdc005d3750 00007fdc0119f190
0x00007fdc005d3650:   0000000006f4d1d6 0000000000000000
0x00007fdc005d3660:   00007fdc005d3960 00007fdc0b975626
0x00007fdc005d3670:   0000001300000000 00007fdc005d37f0
0x00007fdc005d3680:   00007fdc005d3980 00007fdc005d3988
0x00007fdc005d3690:   00007fdc005d3978 00007fdc04029fb0
0x00007fdc005d36a0:   00007fdc0119f3a0 00007fdc04029fa0
0x00007fdc005d36b0:   00007fdc0402a378 00000000000003d8
0x00007fdc005d36c0:   000000000030b215 00000000005c6c4a
0x00007fdc005d36d0:   0000000000891637 0000000000000000
0x00007fdc005d36e0:   004347206c6c7546 0000000000000000
0x00007fdc005d36f0:   000000000000d680 0000000000862293
0x00007fdc005d3700:   0000000000000000 00007fdc04068880 

Instructions: (pc=0x00007fdc0b62ba6b)
0x00007fdc0b62ba4b:   fd ff ff 66 90 55 48 83 c7 28 48 89 e5 c9 e9 a2
0x00007fdc0b62ba5b:   fd ff ff 66 90 55 48 8b 47 28 48 89 f2 48 89 e5
0x00007fdc0b62ba6b:   c7 00 00 00 00 00 c7 47 44 00 00 00 00 48 c7 47
0x00007fdc0b62ba7b:   50 00 00 00 00 48 c7 47 48 00 00 00 00 48 c7 47 

Register to memory mapping:

RAX=0x0000000000000000 is an unknown value
RBX=0x00007fdc0401a750 is an unknown value
RCX=0x0000000000000018 is an unknown value
RDX=0x00007fdc005d38c0 is an unknown value
RSP=0x00007fdc005d3510 is an unknown value
RBP=0x00007fdc005d3510 is an unknown value
RSI=0x00007fdc005d38c0 is an unknown value
RDI=0x00007fdc0bf22580: <offset 0xe4f580> in /home/mitnick/java/jdk1.7.0_79/jre/lib/amd64/server/libjvm.so at 0x00007fdc0b0d3000
R8 =0x000000000000000a is an unknown value
R9 =0x0000000000000001 is an unknown value
R10=0x0000000000000000 is an unknown value
R11=0x00007fdc0c0c9130: <offset 0x17c130> in /lib/x86_64-linux-gnu/libc.so.6 at 0x00007fdc0bf4d000
R12=0x00007fdc0401eef0 is an unknown value
R13=0x000000000000000a is an unknown value
R14=0x00007fdc0bf36c18: <offset 0xe63c18> in /home/mitnick/java/jdk1.7.0_79/jre/lib/amd64/server/libjvm.so at 0x00007fdc0b0d3000
R15=0x000000000000000a is an unknown value


Stack: [0x00007fdc004d4000,0x00007fdc005d5000],  sp=0x00007fdc005d3510,  free space=1021k
Native frames: (J=compiled Java code, j=interpreted, Vv=VM code, C=native code)
V  [libjvm.so+0x558a6b]
